[5825][1673883507743][shell][info]["EventBus~initialize - Success"]
[5825][1673883507764][shell][info]["bootShellCrashReporter~ Success"]
[5825][1673883508511][shell][info]["shellController~init: Success"]
[5825][1673883508511][shell][info]["shellMeta~init: Success"]
[5825][1673883508512][shell][info]["partitionMigrationService: State of V7 partition:"]
[5825][1673883508512][shell][info]["partitionMigrationService: V7 partitions",[]]
[5825][1673883508512][shell][info]["partitionMigrationService: V7 lastActiveUser",null]
[5825][1673883508512][shell][info]["partitionMigrationService: V7 activePartition",null]
[5825][1673883508512][shell][info]["partitionMigrationService: V7 isPartitionDirty",null]
[5825][1673883508513][shell][info]["partitionMigrationService~rectifyNamespaceOfScratchPadPartition: There is no partition with scratchpad namespace"]
[5825][1673883508513][shell][info]["partitionMigrationService~rectifyNamespaceOfScratchPadPartition: There is no transit partition which could have been used for scratchpad"]
[5825][1673883508513][shell][info]["partitionMigrationService~init: Success"]
[5825][1673883508513][shell][info]["partitionMigrationService~runV8PartitionsIntegrity: Two way migration~ removing the following partitions from v8",[]]
[5825][1673883508514][shell][info]["userPartitionService~_rectifyTheActivePartitionOfApplication: Setting the active partition to ",null]
[5825][1673883508514][shell][info]["userPartitionService~init: Success"]
[5825][1673883508514][shell][info]["userPartitionService: State of v8 partition system:"]
[5825][1673883508514][shell][info]["userPartitionService: List of partitions:",[]]
[5825][1673883508514][shell][info]["userPartitionService: users global meta:",{"activePartition":null}]
[5825][1673883508515][shell][info]["shell~init~getPartitionToLoad: loading scratchpad partition"]
[5825][1673883508516][shell][info]["init~setViewAttributes - Initializing view with opts:"]
[5825][1673883508517][shell][info]["verifyPartitionIdWithMain: Verifying partition ID from main process"]
[5825][1673883508517][shell][info]["Shell~init~setViewAttributes: passing scratchpad partition id as ","4a6cb580-6428-4532-be00-32b290962f65"]
[5825][1673883508517][shell][info]["Shell~init~setViewAttributes: do we have any logged in users? ",false]
[5825][1673883508520][shell][info]["init~setViewAttributes - Success"]
[5825][1673883508535][shell][info]["verifyPartitionIdWithMain: Bailing out as migration has not been done"]
[5825][1673883514027][shell][info]["Shell~init~sendUsersDataToRenderer",[]]
